<?xml version="1.0" encoding="UTF-8"?>
<testsuite xmlns:xsi="http://www.w3.org/2001/XMLSchema-instance" xsi:noNamespaceSchemaLocation="https://maven.apache.org/surefire/maven-surefire-plugin/xsd/surefire-test-report.xsd" version="3.0.2" name="com.example.cooperativevoting.integration.CooperativeVotingIntegrationTest" time="10.164" tests="5" errors="0" skipped="0" failures="0">
  <properties>
[...]
</properties>
  <testcase name="acceptsExactlyOneOfConcurrentDuplicateVotes" classname="com.example.cooperativevoting.integration.CooperativeVotingIntegrationTest" time="0.341">
    <system-out><![CDATA[03:55:23.697 [main] INFO org.testcontainers.DockerClientFactory -- Testcontainers version: 1.21.3
03:55:24.544 [main] INFO org.testcontainers.dockerclient.DockerClientProviderStrategy -- Found Docker environment with local Unix socket (unix:///var/run/docker.sock)
03:55:24.555 [main] INFO org.testcontainers.DockerClientFactory -- Docker host IP address is host.docker.internal
03:55:24.573 [main] INFO org.testcontainers.DockerClientFactory -- Connected to docker: 
  Server Version: 29.1.3
  API Version: 1.52
  Operating System: Ubuntu 24.04.4 LTS
  Total Memory: 15370 MB
03:55:24.590 [main] INFO org.testcontainers.images.PullPolicy -- Image pull policy will be performed by: DefaultPullPolicy()
03:55:24.593 [main] INFO org.testcontainers.utility.ImageNameSubstitutor -- Image name substitution will be performed by: DefaultImageNameSubstitutor (composite of 'ConfigurationFileImageNameSubstitutor' and 'PrefixingImageNameSubstitutor')
03:55:24.712 [main] INFO tc.testcontainers/ryuk:0.12.0 -- Creating container for image: testcontainers/ryuk:0.12.0
03:55:24.719 [main] INFO org.testcontainers.utility.RegistryAuthLocator -- Failure when attempting to lookup auth config. Please ignore if you don't have images in an authenticated registry. Details: (dockerImageName: testcontainers/ryuk:0.12.0, configFile: /root/.docker/config.json, configEnv: DOCKER_AUTH_CONFIG). Falling back to docker-java default behaviour. Exception message: Status 404: No config supplied. Checked in order: /root/.docker/config.json (file not found), DOCKER_AUTH_CONFIG (not set)
03:55:24.875 [main] INFO tc.testcontainers/ryuk:0.12.0 -- Container testcontainers/ryuk:0.12.0 is starting: 5d96634ca5b8ba6c8efbd2dcc9927a52da4bbd6ceb7dca1db0ef653822ea5b89
03:55:25.255 [main] INFO tc.testcontainers/ryuk:0.12.0 -- Container testcontainers/ryuk:0.12.0 started in PT0.543782573S
03:55:25.262 [main] INFO org.testcontainers.utility.RyukResourceReaper -- Ryuk started - will monitor and terminate Testcontainers containers on JVM exit
03:55:25.262 [main] INFO org.testcontainers.DockerClientFactory -- Checking the system...
03:55:25.263 [main] INFO org.testcontainers.DockerClientFactory -- ✔︎ Docker server version should be at least 1.6.0
03:55:25.397 [main] INFO org.springframework.test.context.support.AnnotationConfigContextLoaderUtils -- Could not detect default configuration classes for test class [com.example.cooperativevoting.integration.CooperativeVotingIntegrationTest]: CooperativeVotingIntegrationTest does not declare any static, non-private, non-final, nested classes annotated with @Configuration.
03:55:25.543 [main] INFO org.springframework.boot.test.context.SpringBootTestContextBootstrapper -- Found @SpringBootConfiguration com.example.cooperativevoting.CooperativeVotingApplication for test class com.example.cooperativevoting.integration.CooperativeVotingIntegrationTest
03:55:25.679 [main] INFO tc.postgres:17-alpine -- Creating container for image: postgres:17-alpine
03:55:25.715 [main] INFO tc.postgres:17-alpine -- Container postgres:17-alpine is starting: bb8a34a113be9e959087caf065e13f4f200898a1929e3652c0380fe30bfb64d7
03:55:27.115 [main] INFO tc.postgres:17-alpine -- Container postgres:17-alpine started in PT1.436288804S
03:55:27.116 [main] INFO tc.postgres:17-alpine -- Container is started (JDBC URL: jdbc:postgresql://host.docker.internal:32781/cooperative_voting?loggerLevel=OFF)
{"@timestamp":"2026-07-29T03:55:27.676878095Z","@version":"1","message":"Starting CooperativeVotingIntegrationTest using Java 21.0.9 with PID 80 (started by root in /workspace)","logger_name":"com.example.cooperativevoting.integration.CooperativeVotingIntegrationTest","thread_name":"main","level":"INFO","level_value":20000}
{"@timestamp":"2026-07-29T03:55:27.683663761Z","@version":"1","message":"The following 1 profile is active: \"test\"","logger_name":"com.example.cooperativevoting.integration.CooperativeVotingIntegrationTest","thread_name":"main","level":"INFO","level_value":20000}
{"@timestamp":"2026-07-29T03:55:28.947121684Z","@version":"1","message":"Bootstrapping Spring Data JPA repositories in DEFAULT mode.","logger_name":"org.springframework.data.repository.config.RepositoryConfigurationDelegate","thread_name":"main","level":"INFO","level_value":20000}
{"@timestamp":"2026-07-29T03:55:29.018362752Z","@version":"1","message":"Finished Spring Data repository scanning in 58 ms. Found 3 JPA repository interfaces.","logger_name":"org.springframework.data.repository.config.RepositoryConfigurationDelegate","thread_name":"main","level":"INFO","level_value":20000}
{"@timestamp":"2026-07-29T03:55:29.668869158Z","@version":"1","message":"HikariPool-1 - Starting...","logger_name":"com.zaxxer.hikari.HikariDataSource","thread_name":"main","level":"INFO","level_value":20000}
{"@timestamp":"2026-07-29T03:55:29.898536306Z","@version":"1","message":"HikariPool-1 - Added connection org.postgresql.jdbc.PgConnection@20c0665a","logger_name":"com.zaxxer.hikari.pool.HikariPool","thread_name":"main","level":"INFO","level_value":20000}
{"@timestamp":"2026-07-29T03:55:29.901736496Z","@version":"1","message":"HikariPool-1 - Start completed.","logger_name":"com.zaxxer.hikari.HikariDataSource","thread_name":"main","level":"INFO","level_value":20000}
{"@timestamp":"2026-07-29T03:55:29.953168927Z","@version":"1","message":"Database: jdbc:postgresql://host.docker.internal:32781/cooperative_voting?loggerLevel=OFF (PostgreSQL 17.10)","logger_name":"org.flywaydb.core.FlywayExecutor","thread_name":"main","level":"INFO","level_value":20000}
{"@timestamp":"2026-07-29T03:55:30.000575022Z","@version":"1","message":"Schema history table \"public\".\"flyway_schema_history\" does not exist yet","logger_name":"org.flywaydb.core.internal.schemahistory.JdbcTableSchemaHistory","thread_name":"main","level":"INFO","level_value":20000}
{"@timestamp":"2026-07-29T03:55:30.006850043Z","@version":"1","message":"Successfully validated 1 migration (execution time 00:00.024s)","logger_name":"org.flywaydb.core.internal.command.DbValidate","thread_name":"main","level":"INFO","level_value":20000}
{"@timestamp":"2026-07-29T03:55:30.033849442Z","@version":"1","message":"Creating Schema History table \"public\".\"flyway_schema_history\" ...","logger_name":"org.flywaydb.core.internal.schemahistory.JdbcTableSchemaHistory","thread_name":"main","level":"INFO","level_value":20000}
{"@timestamp":"2026-07-29T03:55:30.100046638Z","@version":"1","message":"Current version of schema \"public\": << Empty Schema >>","logger_name":"org.flywaydb.core.internal.command.DbMigrate","thread_name":"main","level":"INFO","level_value":20000}
{"@timestamp":"2026-07-29T03:55:30.116054031Z","@version":"1","message":"Migrating schema \"public\" to version \"1 - create voting schema\"","logger_name":"org.flywaydb.core.internal.command.DbMigrate","thread_name":"main","level":"INFO","level_value":20000}
{"@timestamp":"2026-07-29T03:55:30.157574346Z","@version":"1","message":"Successfully applied 1 migration to schema \"public\", now at version v1 (execution time 00:00.024s)","logger_name":"org.flywaydb.core.internal.command.DbMigrate","thread_name":"main","level":"INFO","level_value":20000}
{"@timestamp":"2026-07-29T03:55:30.284041859Z","@version":"1","message":"HHH000204: Processing PersistenceUnitInfo [name: default]","logger_name":"org.hibernate.jpa.internal.util.LogHelper","thread_name":"main","level":"INFO","level_value":20000}
{"@timestamp":"2026-07-29T03:55:30.363370491Z","@version":"1","message":"HHH000412: Hibernate ORM core version 6.6.22.Final","logger_name":"org.hibernate.Version","thread_name":"main","level":"INFO","level_value":20000}
{"@timestamp":"2026-07-29T03:55:30.428037195Z","@version":"1","message":"HHH000026: Second-level cache disabled","logger_name":"org.hibernate.cache.internal.RegionFactoryInitiator","thread_name":"main","level":"INFO","level_value":20000}
{"@timestamp":"2026-07-29T03:55:30.589884751Z","@version":"1","message":"No LoadTimeWeaver setup: ignoring JPA class transformer","logger_name":"org.springframework.orm.jpa.persistenceunit.SpringPersistenceUnitInfo","thread_name":"main","level":"INFO","level_value":20000}
{"@timestamp":"2026-07-29T03:55:30.747399863Z","@version":"1","message":"HHH10001005: Database info:\n\tDatabase JDBC URL [Connecting through datasource 'HikariDataSource (HikariPool-1)']\n\tDatabase driver: undefined/unknown\n\tDatabase version: 17.10\n\tAutocommit mode: undefined/unknown\n\tIsolation level: undefined/unknown\n\tMinimum pool size: undefined/unknown\n\tMaximum pool size: undefined/unknown","logger_name":"org.hibernate.orm.connections.pooling","thread_name":"main","level":"INFO","level_value":20000}
{"@timestamp":"2026-07-29T03:55:31.732167379Z","@version":"1","message":"HHH000489: No JTA platform available (set 'hibernate.transaction.jta.platform' to enable JTA platform integration)","logger_name":"org.hibernate.engine.transaction.jta.platform.internal.JtaPlatformInitiator","thread_name":"main","level":"INFO","level_value":20000}
{"@timestamp":"2026-07-29T03:55:31.77537551Z","@version":"1","message":"Initialized JPA EntityManagerFactory for persistence unit 'default'","logger_name":"org.springframework.orm.jpa.LocalContainerEntityManagerFactoryBean","thread_name":"main","level":"INFO","level_value":20000}
{"@timestamp":"2026-07-29T03:55:32.237494426Z","@version":"1","message":"Hibernate is in classpath; If applicable, HQL parser will be used.","logger_name":"org.springframework.data.jpa.repository.query.QueryEnhancerFactory","thread_name":"main","level":"INFO","level_value":20000}
{"@timestamp":"2026-07-29T03:55:33.986549874Z","@version":"1","message":"Initializing Spring TestDispatcherServlet ''","logger_name":"org.springframework.boot.test.mock.web.SpringBootMockServletContext","thread_name":"main","level":"INFO","level_value":20000}
{"@timestamp":"2026-07-29T03:55:33.986993996Z","@version":"1","message":"Initializing Servlet ''","logger_name":"org.springframework.test.web.servlet.TestDispatcherServlet","thread_name":"main","level":"INFO","level_value":20000}
{"@timestamp":"2026-07-29T03:55:33.994362392Z","@version":"1","message":"Exposing 2 endpoints beneath base path '/actuator'","logger_name":"org.springframework.boot.actuate.endpoint.web.EndpointLinksResolver","thread_name":"main","level":"INFO","level_value":20000}
{"@timestamp":"2026-07-29T03:55:34.007510782Z","@version":"1","message":"Completed initialization in 20 ms","logger_name":"org.springframework.test.web.servlet.TestDispatcherServlet","thread_name":"main","level":"INFO","level_value":20000}
{"@timestamp":"2026-07-29T03:55:34.08904122Z","@version":"1","message":"Started CooperativeVotingIntegrationTest in 6.901 seconds (process running for 16.833)","logger_name":"com.example.cooperativevoting.integration.CooperativeVotingIntegrationTest","thread_name":"main","level":"INFO","level_value":20000}
{"@timestamp":"2026-07-29T03:55:34.286331861Z","@version":"1","message":"event=agenda.created agendaId=233abd14-cc8b-4278-b729-416cb8d74853","logger_name":"com.example.cooperativevoting.agenda.application.AgendaService","thread_name":"main","level":"INFO","level_value":20000}
{"@timestamp":"2026-07-29T03:55:34.411649147Z","@version":"1","message":"event=session.opened agendaId=233abd14-cc8b-4278-b729-416cb8d74853 sessionId=6777fe3e-c200-4db6-8f12-5fa3cab61656 durationSeconds=300","logger_name":"com.example.cooperativevoting.votingsession.application.VotingSessionService","thread_name":"main","level":"INFO","level_value":20000}
]]></system-out>
  </testcase>
  <testcase name="supportsCustomDurationAndDatabaseConstraints" classname="com.example.cooperativevoting.integration.CooperativeVotingIntegrationTest" time="0.331">
    <system-out><![CDATA[{"@timestamp":"2026-07-29T03:55:34.668912482Z","@version":"1","message":"event=agenda.created agendaId=b2f5c93c-458b-415c-8a58-42a787356a68","logger_name":"com.example.cooperativevoting.agenda.application.AgendaService","thread_name":"main","level":"INFO","level_value":20000,"correlationId":"69dd4604-f8ca-4fb5-99e2-e1a98b6d8967"}
{"@timestamp":"2026-07-29T03:55:34.746743479Z","@version":"1","message":"event=session.opened agendaId=b2f5c93c-458b-415c-8a58-42a787356a68 sessionId=05c6dfd4-0d10-47cc-82d6-4255d9ce30ba durationSeconds=120","logger_name":"com.example.cooperativevoting.votingsession.application.VotingSessionService","thread_name":"main","level":"INFO","level_value":20000,"correlationId":"b234c459-5baa-4727-99e9-8afe2482f28e"}
]]></system-out>
  </testcase>
  <testcase name="returnsProblemDetailsForValidationAndDuplicateVote" classname="com.example.cooperativevoting.integration.CooperativeVotingIntegrationTest" time="0.125">
    <system-out><![CDATA[{"@timestamp":"2026-07-29T03:55:34.863616399Z","@version":"1","message":"event=agenda.created agendaId=958e6b11-48c0-4852-add8-8948b268763a","logger_name":"com.example.cooperativevoting.agenda.application.AgendaService","thread_name":"main","level":"INFO","level_value":20000,"correlationId":"0a662613-8bc9-47fd-816c-513607af644c"}
{"@timestamp":"2026-07-29T03:55:34.879487539Z","@version":"1","message":"event=session.opened agendaId=958e6b11-48c0-4852-add8-8948b268763a sessionId=5d720d74-836c-4f24-b29d-2c62e262fdda durationSeconds=60","logger_name":"com.example.cooperativevoting.votingsession.application.VotingSessionService","thread_name":"main","level":"INFO","level_value":20000,"correlationId":"89a0f8e5-72f5-4cf7-a066-003ed3f63029"}
]]></system-out>
  </testcase>
  <testcase name="runsDomainAndMobileApiFlow" classname="com.example.cooperativevoting.integration.CooperativeVotingIntegrationTest" time="0.135">
    <system-out><![CDATA[{"@timestamp":"2026-07-29T03:55:34.989896489Z","@version":"1","message":"event=agenda.created agendaId=d3ea1cea-0188-4b1b-bb4b-6fef933c6fb0","logger_name":"com.example.cooperativevoting.agenda.application.AgendaService","thread_name":"main","level":"INFO","level_value":20000,"correlationId":"ee2998d6-c2ee-4dd8-9732-f01855fc243e"}
{"@timestamp":"2026-07-29T03:55:35.00687102Z","@version":"1","message":"event=session.opened agendaId=d3ea1cea-0188-4b1b-bb4b-6fef933c6fb0 sessionId=f729febf-695e-40f9-8c63-d6cb662fcf87 durationSeconds=60","logger_name":"com.example.cooperativevoting.votingsession.application.VotingSessionService","thread_name":"main","level":"INFO","level_value":20000,"correlationId":"0e471081-42c0-46be-974a-78a5dbdf3b44"}
]]></system-out>
  </testcase>
  <testcase name="rejectsVotesAfterClosingAndReturnsFinalResult" classname="com.example.cooperativevoting.integration.CooperativeVotingIntegrationTest" time="0.119">
    <system-out><![CDATA[{"@timestamp":"2026-07-29T03:55:35.123695558Z","@version":"1","message":"event=agenda.created agendaId=f246f289-91db-4a7f-9dc1-fcf03af61af2","logger_name":"com.example.cooperativevoting.agenda.application.AgendaService","thread_name":"main","level":"INFO","level_value":20000,"correlationId":"45dff602-49b0-4fee-b994-e1675bbd0704"}
{"@timestamp":"2026-07-29T03:55:35.142049136Z","@version":"1","message":"event=session.opened agendaId=f246f289-91db-4a7f-9dc1-fcf03af61af2 sessionId=8f6e05f5-a598-43bf-bb12-049d38ca25cf durationSeconds=60","logger_name":"com.example.cooperativevoting.votingsession.application.VotingSessionService","thread_name":"main","level":"INFO","level_value":20000,"correlationId":"e496fc3b-b40c-484f-b3af-feef7e1207b5"}
]]></system-out>
  </testcase>
</testsuite>